  Datasett.cpp
C:\Program Files\Microsoft Visual Studio\2022\Community\VC\Tools\MSVC\14.38.33130\include\xmemory(723,82): warning C4267: 'initializing': conversion from 'size_t' to '_Objty', possible loss of data
C:\Program Files\Microsoft Visual Studio\2022\Community\VC\Tools\MSVC\14.38.33130\include\xmemory(723,82): warning C4267:         with
C:\Program Files\Microsoft Visual Studio\2022\Community\VC\Tools\MSVC\14.38.33130\include\xmemory(723,82): warning C4267:         [
C:\Program Files\Microsoft Visual Studio\2022\Community\VC\Tools\MSVC\14.38.33130\include\xmemory(723,82): warning C4267:             _Objty=unsigned int
C:\Program Files\Microsoft Visual Studio\2022\Community\VC\Tools\MSVC\14.38.33130\include\xmemory(723,82): warning C4267:         ]
  (compiling source file 'Datasett.cpp')
  C:\Program Files\Microsoft Visual Studio\2022\Community\VC\Tools\MSVC\14.38.33130\include\xmemory(723,82):
  the template instantiation context (the oldest one first) is
  	C:\Users\gardo\Documents\HINN skole\5. semester\Visualisering og simulering\FolderExamVSIM\FolderVSim-main - Copy\ExamVsim\Datasett.cpp(359,34):
  	see reference to function template instantiation 'std::vector<GLuint,std::allocator<GLuint>>::vector<std::_Vector_const_iterator<std::_Vector_val<std::_Simple_types<_Ty>>>,0>(_Iter,_Iter,const _Alloc &)' being compiled
          with
          [
              _Ty=size_t,
              _Iter=std::_Vector_const_iterator<std::_Vector_val<std::_Simple_types<size_t>>>,
              _Alloc=std::allocator<GLuint>
          ]
  		C:\Users\gardo\Documents\HINN skole\5. semester\Visualisering og simulering\FolderExamVSIM\FolderVSim-main - Copy\ExamVsim\Datasett.cpp(359,34):
  		see the first reference to 'std::vector<GLuint,std::allocator<GLuint>>::vector' in 'Datasett::setupBuffers'
  	C:\Program Files\Microsoft Visual Studio\2022\Community\VC\Tools\MSVC\14.38.33130\include\vector(635,13):
  	see reference to function template instantiation 'void std::vector<GLuint,std::allocator<GLuint>>::_Construct_n<const unsigned __int64*,const unsigned __int64*>(const unsigned __int64,const unsigned __int64 *&&,const unsigned __int64 *&&)' being compiled
  	C:\Program Files\Microsoft Visual Studio\2022\Community\VC\Tools\MSVC\14.38.33130\include\vector(2082,36):
  	see reference to function template instantiation 'unsigned int *std::_Uninitialized_copy<_Ty,_Ty,std::allocator<GLuint>>(_InIt,_Se,unsigned int *,_Alloc &)' being compiled
          with
          [
              _Ty=const unsigned __int64 *,
              _InIt=const unsigned __int64 *,
              _Se=const unsigned __int64 *,
              _Alloc=std::allocator<GLuint>
          ]
  	C:\Program Files\Microsoft Visual Studio\2022\Community\VC\Tools\MSVC\14.38.33130\include\xmemory(1855,17):
  	see reference to function template instantiation 'void std::_Uninitialized_backout_al<std::allocator<GLuint>>::_Emplace_back<const unsigned __int64&>(const unsigned __int64 &)' being compiled
  	C:\Program Files\Microsoft Visual Studio\2022\Community\VC\Tools\MSVC\14.38.33130\include\xmemory(1801,35):
  	see reference to function template instantiation 'void std::_Default_allocator_traits<_Alloc>::construct<_Ty,const unsigned __int64&>(_Alloc &,_Objty *const ,const unsigned __int64 &)' being compiled
          with
          [
              _Alloc=std::allocator<GLuint>,
              _Ty=unsigned int,
              _Objty=unsigned int
          ]
  
  Generating code
  0 of 908 functions ( 0.0%) were compiled, the rest were copied from previous compilation.
    0 functions were new in current compilation
    0 functions had inline decision re-evaluated but remain unchanged
  Finished generating code
  ExamVsim.vcxproj -> C:\Users\gardo\Documents\HINN skole\5. semester\Visualisering og simulering\FolderExamVSIM\FolderVSim-main - Copy\ExamVsim\x64\Release\ExamVsim.exe
