  Ballphys.cpp
  BSplineSurface.cpp
C:\Github\OpenGL\FolderVSim\FolderVSim\ExamVsim\BSplineSurface.cpp(174,46): warning C4267: 'argument': conversion from 'size_t' to 'GLsizei', possible loss of data
  Camera.cpp
  Datasett.cpp
C:\Program Files\Microsoft Visual Studio\2022\Community\VC\Tools\MSVC\14.38.33130\include\xmemory(723,82): warning C4267: 'initializing': conversion from 'size_t' to '_Objty', possible loss of data
C:\Program Files\Microsoft Visual Studio\2022\Community\VC\Tools\MSVC\14.38.33130\include\xmemory(723,82): warning C4267:         with
C:\Program Files\Microsoft Visual Studio\2022\Community\VC\Tools\MSVC\14.38.33130\include\xmemory(723,82): warning C4267:         [
C:\Program Files\Microsoft Visual Studio\2022\Community\VC\Tools\MSVC\14.38.33130\include\xmemory(723,82): warning C4267:             _Objty=unsigned int
C:\Program Files\Microsoft Visual Studio\2022\Community\VC\Tools\MSVC\14.38.33130\include\xmemory(723,82): warning C4267:         ]
  (compiling source file 'Datasett.cpp')
      C:\Program Files\Microsoft Visual Studio\2022\Community\VC\Tools\MSVC\14.38.33130\include\xmemory(723,82):
      the template instantiation context (the oldest one first) is
          C:\Github\OpenGL\FolderVSim\FolderVSim\ExamVsim\Datasett.cpp(359,34):
          see reference to function template instantiation 'std::vector<GLuint,std::allocator<GLuint>>::vector<std::_Vector_const_iterator<std::_Vector_val<std::_Simple_types<_Ty>>>,0>(_Iter,_Iter,const _Alloc &)' being compiled
          with
          [
              _Ty=size_t,
              _Iter=std::_Vector_const_iterator<std::_Vector_val<std::_Simple_types<size_t>>>,
              _Alloc=std::allocator<GLuint>
          ]
              C:\Github\OpenGL\FolderVSim\FolderVSim\ExamVsim\Datasett.cpp(359,34):
              see the first reference to 'std::vector<GLuint,std::allocator<GLuint>>::vector' in 'Datasett::setupBuffers'
          C:\Program Files\Microsoft Visual Studio\2022\Community\VC\Tools\MSVC\14.38.33130\include\vector(635,13):
          see reference to function template instantiation 'void std::vector<GLuint,std::allocator<GLuint>>::_Construct_n<const unsigned __int64*,const unsigned __int64*>(const unsigned __int64,const unsigned __int64 *&&,const unsigned __int64 *&&)' being compiled
          C:\Program Files\Microsoft Visual Studio\2022\Community\VC\Tools\MSVC\14.38.33130\include\vector(2082,36):
          see reference to function template instantiation 'unsigned int *std::_Uninitialized_copy<_Ty,_Ty,std::allocator<GLuint>>(_InIt,_Se,unsigned int *,_Alloc &)' being compiled
          with
          [
              _Ty=const unsigned __int64 *,
              _InIt=const unsigned __int64 *,
              _Se=const unsigned __int64 *,
              _Alloc=std::allocator<GLuint>
          ]
          C:\Program Files\Microsoft Visual Studio\2022\Community\VC\Tools\MSVC\14.38.33130\include\xmemory(1855,17):
          see reference to function template instantiation 'void std::_Uninitialized_backout_al<std::allocator<GLuint>>::_Emplace_back<const unsigned __int64&>(const unsigned __int64 &)' being compiled
          C:\Program Files\Microsoft Visual Studio\2022\Community\VC\Tools\MSVC\14.38.33130\include\xmemory(1801,35):
          see reference to function template instantiation 'void std::_Default_allocator_traits<_Alloc>::construct<_Ty,const unsigned __int64&>(_Alloc &,_Objty *const ,const unsigned __int64 &)' being compiled
          with
          [
              _Alloc=std::allocator<GLuint>,
              _Ty=unsigned int,
              _Objty=unsigned int
          ]
  
  ExamVsim.cpp
C:\Github\OpenGL\FolderVSim\FolderVSim\ExamVsim\ExamVsim.cpp(187,52): warning C4267: 'argument': conversion from 'size_t' to 'GLsizei', possible loss of data
C:\Program Files\Microsoft Visual Studio\2022\Community\VC\Tools\MSVC\14.38.33130\include\utility(250,16): warning C4267: 'initializing': conversion from 'size_t' to '_Ty1', possible loss of data
C:\Program Files\Microsoft Visual Studio\2022\Community\VC\Tools\MSVC\14.38.33130\include\utility(250,16): warning C4267:         with
C:\Program Files\Microsoft Visual Studio\2022\Community\VC\Tools\MSVC\14.38.33130\include\utility(250,16): warning C4267:         [
C:\Program Files\Microsoft Visual Studio\2022\Community\VC\Tools\MSVC\14.38.33130\include\utility(250,16): warning C4267:             _Ty1=int
C:\Program Files\Microsoft Visual Studio\2022\Community\VC\Tools\MSVC\14.38.33130\include\utility(250,16): warning C4267:         ]
  (compiling source file 'ExamVsim.cpp')
      C:\Program Files\Microsoft Visual Studio\2022\Community\VC\Tools\MSVC\14.38.33130\include\utility(250,16):
      the template instantiation context (the oldest one first) is
          C:\Github\OpenGL\FolderVSim\FolderVSim\ExamVsim\ExamVsim.cpp(32,27):
          see reference to function template instantiation '_Ty &std::vector<_Ty,std::allocator<_Ty>>::emplace_back<size_t&,size_t&>(size_t &,size_t &)' being compiled
          with
          [
              _Ty=std::pair<int,int>
          ]
          C:\Program Files\Microsoft Visual Studio\2022\Community\VC\Tools\MSVC\14.38.33130\include\vector(862,24):
          see reference to function template instantiation '_Ty &std::vector<_Ty,std::allocator<_Ty>>::_Emplace_one_at_back<size_t&,size_t&>(size_t &,size_t &)' being compiled
          with
          [
              _Ty=std::pair<int,int>
          ]
          C:\Program Files\Microsoft Visual Studio\2022\Community\VC\Tools\MSVC\14.38.33130\include\vector(780,20):
          see reference to function template instantiation '_Ty &std::vector<_Ty,std::allocator<_Ty>>::_Emplace_back_with_unused_capacity<size_t&,size_t&>(size_t &,size_t &)' being compiled
          with
          [
              _Ty=std::pair<int,int>
          ]
          C:\Program Files\Microsoft Visual Studio\2022\Community\VC\Tools\MSVC\14.38.33130\include\vector(795,13):
          see reference to function template instantiation 'void std::_Construct_in_place<std::pair<int,int>,size_t&,size_t&>(_Ty &,size_t &,size_t &) noexcept' being compiled
          with
          [
              _Ty=std::pair<int,int>
          ]
          C:\Program Files\Microsoft Visual Studio\2022\Community\VC\Tools\MSVC\14.38.33130\include\xutility(255,61):
          see reference to function template instantiation 'std::pair<int,int>::pair<size_t&,size_t&,0>(_Other1,_Other2) noexcept' being compiled
          with
          [
              _Other1=size_t &,
              _Other2=size_t &
          ]
  
C:\Program Files\Microsoft Visual Studio\2022\Community\VC\Tools\MSVC\14.38.33130\include\utility(250,54): warning C4267: 'initializing': conversion from 'size_t' to '_Ty2', possible loss of data
C:\Program Files\Microsoft Visual Studio\2022\Community\VC\Tools\MSVC\14.38.33130\include\utility(250,54): warning C4267:         with
C:\Program Files\Microsoft Visual Studio\2022\Community\VC\Tools\MSVC\14.38.33130\include\utility(250,54): warning C4267:         [
C:\Program Files\Microsoft Visual Studio\2022\Community\VC\Tools\MSVC\14.38.33130\include\utility(250,54): warning C4267:             _Ty2=int
C:\Program Files\Microsoft Visual Studio\2022\Community\VC\Tools\MSVC\14.38.33130\include\utility(250,54): warning C4267:         ]
  (compiling source file 'ExamVsim.cpp')
  
C:\Program Files\Microsoft Visual Studio\2022\Community\VC\Tools\MSVC\14.38.33130\include\xmemory(723,82): warning C4267: 'initializing': conversion from 'size_t' to '_Objty', possible loss of data
C:\Program Files\Microsoft Visual Studio\2022\Community\VC\Tools\MSVC\14.38.33130\include\xmemory(723,82): warning C4267:         with
C:\Program Files\Microsoft Visual Studio\2022\Community\VC\Tools\MSVC\14.38.33130\include\xmemory(723,82): warning C4267:         [
C:\Program Files\Microsoft Visual Studio\2022\Community\VC\Tools\MSVC\14.38.33130\include\xmemory(723,82): warning C4267:             _Objty=unsigned int
C:\Program Files\Microsoft Visual Studio\2022\Community\VC\Tools\MSVC\14.38.33130\include\xmemory(723,82): warning C4267:         ]
  (compiling source file 'ExamVsim.cpp')
      C:\Program Files\Microsoft Visual Studio\2022\Community\VC\Tools\MSVC\14.38.33130\include\xmemory(723,82):
      the template instantiation context (the oldest one first) is
          C:\Github\OpenGL\FolderVSim\FolderVSim\ExamVsim\ExamVsim.cpp(121,34):
          see reference to function template instantiation 'std::vector<unsigned int,std::allocator<unsigned int>>::vector<std::_Vector_iterator<std::_Vector_val<std::_Simple_types<_Ty>>>,0>(_Iter,_Iter,const _Alloc &)' being compiled
          with
          [
              _Ty=size_t,
              _Iter=std::_Vector_iterator<std::_Vector_val<std::_Simple_types<size_t>>>,
              _Alloc=std::allocator<unsigned int>
          ]
              C:\Github\OpenGL\FolderVSim\FolderVSim\ExamVsim\ExamVsim.cpp(121,34):
              see the first reference to 'std::vector<unsigned int,std::allocator<unsigned int>>::vector' in 'main'
          C:\Program Files\Microsoft Visual Studio\2022\Community\VC\Tools\MSVC\14.38.33130\include\vector(635,13):
          see reference to function template instantiation 'void std::vector<unsigned int,std::allocator<unsigned int>>::_Construct_n<unsigned __int64*,unsigned __int64*>(const unsigned __int64,unsigned __int64 *&&,unsigned __int64 *&&)' being compiled
          C:\Program Files\Microsoft Visual Studio\2022\Community\VC\Tools\MSVC\14.38.33130\include\vector(2082,36):
          see reference to function template instantiation 'unsigned int *std::_Uninitialized_copy<_Ty,_Ty,std::allocator<unsigned int>>(_InIt,_Se,unsigned int *,_Alloc &)' being compiled
          with
          [
              _Ty=unsigned __int64 *,
              _InIt=unsigned __int64 *,
              _Se=unsigned __int64 *,
              _Alloc=std::allocator<unsigned int>
          ]
          C:\Program Files\Microsoft Visual Studio\2022\Community\VC\Tools\MSVC\14.38.33130\include\xmemory(1855,17):
          see reference to function template instantiation 'void std::_Uninitialized_backout_al<std::allocator<unsigned int>>::_Emplace_back<unsigned __int64&>(unsigned __int64 &)' being compiled
          C:\Program Files\Microsoft Visual Studio\2022\Community\VC\Tools\MSVC\14.38.33130\include\xmemory(1801,35):
          see reference to function template instantiation 'void std::_Default_allocator_traits<_Alloc>::construct<_Ty,size_t&>(_Alloc &,_Objty *const ,size_t &)' being compiled
          with
          [
              _Alloc=std::allocator<unsigned int>,
              _Ty=unsigned int,
              _Objty=unsigned int
          ]
  
  ShaderLoader.cpp
  Shader.cpp
  Spheres.cpp
  glad.c
  Generating code
  885 of 907 functions (97.6%) were compiled, the rest were copied from previous compilation.
    0 functions were new in current compilation
    2 functions had inline decision re-evaluated but remain unchanged
  Finished generating code
  ExamVsim.vcxproj -> C:\Github\OpenGL\FolderVSim\FolderVSim\ExamVsim\x64\Release\ExamVsim.exe
